\BOOKMARK [0][-]{chapter.1}{\376\377\000H\000i\000e\000r\000a\000r\000c\000h\000i\000e\000-\000V\000e\000r\000z\000e\000i\000c\000h\000n\000i\000s}{}% 1
\BOOKMARK [1][-]{section.1.1}{\376\377\000K\000l\000a\000s\000s\000e\000n\000h\000i\000e\000r\000a\000r\000c\000h\000i\000e}{chapter.1}% 2
\BOOKMARK [0][-]{chapter.2}{\376\377\000K\000l\000a\000s\000s\000e\000n\000-\000V\000e\000r\000z\000e\000i\000c\000h\000n\000i\000s}{}% 3
\BOOKMARK [1][-]{section.2.1}{\376\377\000A\000u\000f\000l\000i\000s\000t\000u\000n\000g\000\040\000d\000e\000r\000\040\000K\000l\000a\000s\000s\000e\000n}{chapter.2}% 4
\BOOKMARK [0][-]{chapter.3}{\376\377\000K\000l\000a\000s\000s\000e\000n\000-\000D\000o\000k\000u\000m\000e\000n\000t\000a\000t\000i\000o\000n}{}% 5
\BOOKMARK [1][-]{section.3.1}{\376\377\000C\000o\000m\000m\000u\000n\000i\000c\000a\000t\000i\000n\000g\000S\000o\000c\000k\000e\000t\000\040\000K\000l\000a\000s\000s\000e\000n\000r\000e\000f\000e\000r\000e\000n\000z}{chapter.3}% 6
\BOOKMARK [2][-]{subsection.3.1.1}{\376\377\000A\000u\000s\000f\000\374\000h\000r\000l\000i\000c\000h\000e\000\040\000B\000e\000s\000c\000h\000r\000e\000i\000b\000u\000n\000g}{section.3.1}% 7
\BOOKMARK [2][-]{subsection.3.1.2}{\376\377\000D\000o\000k\000u\000m\000e\000n\000t\000a\000t\000i\000o\000n\000\040\000d\000e\000r\000\040\000E\000l\000e\000m\000e\000n\000t\000f\000u\000n\000k\000t\000i\000o\000n\000e\000n}{section.3.1}% 8
\BOOKMARK [3][-]{subsubsection.3.1.2.1}{\376\377\000c\000o\000n\000n\000e\000c\000t}{subsection.3.1.2}% 9
\BOOKMARK [3][-]{subsubsection.3.1.2.2}{\376\377\000g\000e\000t\000F\000o\000r\000e\000i\000g\000n\000A\000d\000d\000r\000e\000s\000s}{subsection.3.1.2}% 10
\BOOKMARK [3][-]{subsubsection.3.1.2.3}{\376\377\000g\000e\000t\000F\000o\000r\000e\000i\000g\000n\000P\000o\000r\000t}{subsection.3.1.2}% 11
\BOOKMARK [3][-]{subsubsection.3.1.2.4}{\376\377\000r\000e\000c\000v}{subsection.3.1.2}% 12
\BOOKMARK [3][-]{subsubsection.3.1.2.5}{\376\377\000s\000e\000n\000d}{subsection.3.1.2}% 13
\BOOKMARK [1][-]{section.3.2}{\376\377\000D\000a\000t\000a\000\040\000K\000l\000a\000s\000s\000e\000n\000r\000e\000f\000e\000r\000e\000n\000z}{chapter.3}% 14
\BOOKMARK [2][-]{subsection.3.2.1}{\376\377\000A\000u\000s\000f\000\374\000h\000r\000l\000i\000c\000h\000e\000\040\000B\000e\000s\000c\000h\000r\000e\000i\000b\000u\000n\000g}{section.3.2}% 15
\BOOKMARK [2][-]{subsection.3.2.2}{\376\377\000B\000e\000s\000c\000h\000r\000e\000i\000b\000u\000n\000g\000\040\000d\000e\000r\000\040\000K\000o\000n\000s\000t\000r\000u\000k\000t\000o\000r\000e\000n\000\040\000u\000n\000d\000\040\000D\000e\000s\000t\000r\000u\000k\000t\000o\000r\000e\000n}{section.3.2}% 16
\BOOKMARK [3][-]{subsubsection.3.2.2.1}{\376\377\000D\000a\000t\000a}{subsection.3.2.2}% 17
\BOOKMARK [2][-]{subsection.3.2.3}{\376\377\000D\000o\000k\000u\000m\000e\000n\000t\000a\000t\000i\000o\000n\000\040\000d\000e\000r\000\040\000E\000l\000e\000m\000e\000n\000t\000f\000u\000n\000k\000t\000i\000o\000n\000e\000n}{section.3.2}% 18
\BOOKMARK [3][-]{subsubsection.3.2.3.1}{\376\377\000g\000e\000t\000D\000a\000t\000a\000t\000y\000p\000e}{subsection.3.2.3}% 19
\BOOKMARK [3][-]{subsubsection.3.2.3.2}{\376\377\000g\000e\000t\000P\000o\000s\000i\000t\000i\000o\000n}{subsection.3.2.3}% 20
\BOOKMARK [3][-]{subsubsection.3.2.3.3}{\376\377\000g\000e\000t\000V\000a\000l\000u\000e}{subsection.3.2.3}% 21
\BOOKMARK [1][-]{section.3.3}{\376\377\000D\000a\000t\000a\000t\000y\000p\000e\000D\000a\000e\000m\000o\000n\000\040\000K\000l\000a\000s\000s\000e\000n\000r\000e\000f\000e\000r\000e\000n\000z}{chapter.3}% 22
\BOOKMARK [2][-]{subsection.3.3.1}{\376\377\000A\000u\000s\000f\000\374\000h\000r\000l\000i\000c\000h\000e\000\040\000B\000e\000s\000c\000h\000r\000e\000i\000b\000u\000n\000g}{section.3.3}% 23
\BOOKMARK [2][-]{subsection.3.3.2}{\376\377\000B\000e\000s\000c\000h\000r\000e\000i\000b\000u\000n\000g\000\040\000d\000e\000r\000\040\000K\000o\000n\000s\000t\000r\000u\000k\000t\000o\000r\000e\000n\000\040\000u\000n\000d\000\040\000D\000e\000s\000t\000r\000u\000k\000t\000o\000r\000e\000n}{section.3.3}% 24
\BOOKMARK [3][-]{subsubsection.3.3.2.1}{\376\377\000D\000a\000t\000a\000t\000y\000p\000e\000D\000a\000e\000m\000o\000n}{subsection.3.3.2}% 25
\BOOKMARK [2][-]{subsection.3.3.3}{\376\377\000D\000o\000k\000u\000m\000e\000n\000t\000a\000t\000i\000o\000n\000\040\000d\000e\000r\000\040\000E\000l\000e\000m\000e\000n\000t\000f\000u\000n\000k\000t\000i\000o\000n\000e\000n}{section.3.3}% 26
\BOOKMARK [3][-]{subsubsection.3.3.3.1}{\376\377\000g\000e\000t\000P\000o\000s\000A\000c\000t\000u\000a\000l\000P\000a\000c\000k\000e\000t}{subsection.3.3.3}% 27
\BOOKMARK [3][-]{subsubsection.3.3.3.2}{\376\377\000g\000e\000t\000T\000i\000m\000e}{subsection.3.3.3}% 28
\BOOKMARK [3][-]{subsubsection.3.3.3.3}{\376\377\000p\000a\000r\000s\000e\000N\000e\000x\000t\000V\000a\000l\000u\000e}{subsection.3.3.3}% 29
\BOOKMARK [1][-]{section.3.4}{\376\377\000d\000b\000D\000a\000t\000a\000\040\000K\000l\000a\000s\000s\000e\000n\000r\000e\000f\000e\000r\000e\000n\000z}{chapter.3}% 30
\BOOKMARK [2][-]{subsection.3.4.1}{\376\377\000A\000u\000s\000f\000\374\000h\000r\000l\000i\000c\000h\000e\000\040\000B\000e\000s\000c\000h\000r\000e\000i\000b\000u\000n\000g}{section.3.4}% 31
\BOOKMARK [2][-]{subsection.3.4.2}{\376\377\000B\000e\000s\000c\000h\000r\000e\000i\000b\000u\000n\000g\000\040\000d\000e\000r\000\040\000K\000o\000n\000s\000t\000r\000u\000k\000t\000o\000r\000e\000n\000\040\000u\000n\000d\000\040\000D\000e\000s\000t\000r\000u\000k\000t\000o\000r\000e\000n}{section.3.4}% 32
\BOOKMARK [3][-]{subsubsection.3.4.2.1}{\376\377\000d\000b\000D\000a\000t\000a}{subsection.3.4.2}% 33
\BOOKMARK [2][-]{subsection.3.4.3}{\376\377\000D\000o\000k\000u\000m\000e\000n\000t\000a\000t\000i\000o\000n\000\040\000d\000e\000r\000\040\000E\000l\000e\000m\000e\000n\000t\000f\000u\000n\000k\000t\000i\000o\000n\000e\000n}{section.3.4}% 34
\BOOKMARK [3][-]{subsubsection.3.4.3.1}{\376\377\000g\000e\000t\000D\000B}{subsection.3.4.3}% 35
\BOOKMARK [3][-]{subsubsection.3.4.3.2}{\376\377\000g\000e\000t\000H\000o\000s\000t}{subsection.3.4.3}% 36
\BOOKMARK [3][-]{subsubsection.3.4.3.3}{\376\377\000g\000e\000t\000P\000W}{subsection.3.4.3}% 37
\BOOKMARK [3][-]{subsubsection.3.4.3.4}{\376\377\000g\000e\000t\000U\000s\000e\000r}{subsection.3.4.3}% 38
\BOOKMARK [1][-]{section.3.5}{\376\377\000D\000B\000P\000a\000c\000k\000e\000t\000I\000n\000s\000e\000r\000t\000\040\000K\000l\000a\000s\000s\000e\000n\000r\000e\000f\000e\000r\000e\000n\000z}{chapter.3}% 39
\BOOKMARK [2][-]{subsection.3.5.1}{\376\377\000A\000u\000s\000f\000\374\000h\000r\000l\000i\000c\000h\000e\000\040\000B\000e\000s\000c\000h\000r\000e\000i\000b\000u\000n\000g}{section.3.5}% 40
\BOOKMARK [2][-]{subsection.3.5.2}{\376\377\000D\000o\000k\000u\000m\000e\000n\000t\000a\000t\000i\000o\000n\000\040\000d\000e\000r\000\040\000E\000l\000e\000m\000e\000n\000t\000f\000u\000n\000k\000t\000i\000o\000n\000e\000n}{section.3.5}% 41
\BOOKMARK [3][-]{subsubsection.3.5.2.1}{\376\377\000d\000b\000\137\000i\000n\000s\000e\000r\000t}{subsection.3.5.2}% 42
\BOOKMARK [1][-]{section.3.6}{\376\377\000D\000e\000c\000o\000d\000e\000r\000\040\000K\000l\000a\000s\000s\000e\000n\000r\000e\000f\000e\000r\000e\000n\000z}{chapter.3}% 43
\BOOKMARK [2][-]{subsection.3.6.1}{\376\377\000B\000e\000s\000c\000h\000r\000e\000i\000b\000u\000n\000g\000\040\000d\000e\000r\000\040\000K\000o\000n\000s\000t\000r\000u\000k\000t\000o\000r\000e\000n\000\040\000u\000n\000d\000\040\000D\000e\000s\000t\000r\000u\000k\000t\000o\000r\000e\000n}{section.3.6}% 44
\BOOKMARK [3][-]{subsubsection.3.6.1.1}{\376\377\000D\000e\000c\000o\000d\000e\000r}{subsection.3.6.1}% 45
\BOOKMARK [3][-]{subsubsection.3.6.1.2}{\376\377\000D\000e\000c\000o\000d\000e\000r}{subsection.3.6.1}% 46
\BOOKMARK [2][-]{subsection.3.6.2}{\376\377\000D\000o\000k\000u\000m\000e\000n\000t\000a\000t\000i\000o\000n\000\040\000d\000e\000r\000\040\000E\000l\000e\000m\000e\000n\000t\000f\000u\000n\000k\000t\000i\000o\000n\000e\000n}{section.3.6}% 47
\BOOKMARK [3][-]{subsubsection.3.6.2.1}{\376\377\000g\000e\000t\000N\000e\000x\000t\000D\000a\000t\000a}{subsection.3.6.2}% 48
\BOOKMARK [3][-]{subsubsection.3.6.2.2}{\376\377\000g\000e\000t\000P\000a\000c\000k\000a\000g\000e\000N\000u\000m}{subsection.3.6.2}% 49
\BOOKMARK [3][-]{subsubsection.3.6.2.3}{\376\377\000g\000e\000t\000P\000a\000c\000k\000a\000g\000e\000P\000o\000s}{subsection.3.6.2}% 50
\BOOKMARK [1][-]{section.3.7}{\376\377\000E\000n\000c\000o\000d\000e\000r\000\040\000K\000l\000a\000s\000s\000e\000n\000r\000e\000f\000e\000r\000e\000n\000z}{chapter.3}% 51
\BOOKMARK [2][-]{subsection.3.7.1}{\376\377\000A\000u\000s\000f\000\374\000h\000r\000l\000i\000c\000h\000e\000\040\000B\000e\000s\000c\000h\000r\000e\000i\000b\000u\000n\000g}{section.3.7}% 52
\BOOKMARK [2][-]{subsection.3.7.2}{\376\377\000B\000e\000s\000c\000h\000r\000e\000i\000b\000u\000n\000g\000\040\000d\000e\000r\000\040\000K\000o\000n\000s\000t\000r\000u\000k\000t\000o\000r\000e\000n\000\040\000u\000n\000d\000\040\000D\000e\000s\000t\000r\000u\000k\000t\000o\000r\000e\000n}{section.3.7}% 53
\BOOKMARK [3][-]{subsubsection.3.7.2.1}{\376\377\000E\000n\000c\000o\000d\000e\000r}{subsection.3.7.2}% 54
\BOOKMARK [2][-]{subsection.3.7.3}{\376\377\000D\000o\000k\000u\000m\000e\000n\000t\000a\000t\000i\000o\000n\000\040\000d\000e\000r\000\040\000E\000l\000e\000m\000e\000n\000t\000f\000u\000n\000k\000t\000i\000o\000n\000e\000n}{section.3.7}% 55
\BOOKMARK [3][-]{subsubsection.3.7.3.1}{\376\377\000g\000e\000t\000N\000e\000x\000t\000P\000a\000c\000k\000a\000g\000e}{subsection.3.7.3}% 56
\BOOKMARK [3][-]{subsubsection.3.7.3.2}{\376\377\000g\000e\000t\000P\000a\000c\000k\000a\000g\000e}{subsection.3.7.3}% 57
\BOOKMARK [3][-]{subsubsection.3.7.3.3}{\376\377\000g\000e\000t\000P\000a\000c\000k\000a\000g\000e\000S\000i\000z\000e}{subsection.3.7.3}% 58
\BOOKMARK [3][-]{subsubsection.3.7.3.4}{\376\377\000g\000e\000t\000P\000a\000c\000k\000a\000g\000e\000S\000u\000m}{subsection.3.7.3}% 59
\BOOKMARK [1][-]{section.3.8}{\376\377\000I\000n\000s\000e\000r\000t\000\040\000K\000l\000a\000s\000s\000e\000n\000r\000e\000f\000e\000r\000e\000n\000z}{chapter.3}% 60
\BOOKMARK [2][-]{subsection.3.8.1}{\376\377\000A\000u\000s\000f\000\374\000h\000r\000l\000i\000c\000h\000e\000\040\000B\000e\000s\000c\000h\000r\000e\000i\000b\000u\000n\000g}{section.3.8}% 61
\BOOKMARK [2][-]{subsection.3.8.2}{\376\377\000B\000e\000s\000c\000h\000r\000e\000i\000b\000u\000n\000g\000\040\000d\000e\000r\000\040\000K\000o\000n\000s\000t\000r\000u\000k\000t\000o\000r\000e\000n\000\040\000u\000n\000d\000\040\000D\000e\000s\000t\000r\000u\000k\000t\000o\000r\000e\000n}{section.3.8}% 62
\BOOKMARK [3][-]{subsubsection.3.8.2.1}{\376\377\000I\000n\000s\000e\000r\000t}{subsection.3.8.2}% 63
\BOOKMARK [2][-]{subsection.3.8.3}{\376\377\000D\000o\000k\000u\000m\000e\000n\000t\000a\000t\000i\000o\000n\000\040\000d\000e\000r\000\040\000E\000l\000e\000m\000e\000n\000t\000f\000u\000n\000k\000t\000i\000o\000n\000e\000n}{section.3.8}% 64
\BOOKMARK [3][-]{subsubsection.3.8.3.1}{\376\377\000i\000n\000s\000e\000r\000t\000I\000n\000t\000o\000D\000B}{subsection.3.8.3}% 65
\BOOKMARK [1][-]{section.3.9}{\376\377\000L\000o\000c\000a\000t\000i\000o\000n\000\040\000K\000l\000a\000s\000s\000e\000n\000r\000e\000f\000e\000r\000e\000n\000z}{chapter.3}% 66
\BOOKMARK [2][-]{subsection.3.9.1}{\376\377\000A\000u\000s\000f\000\374\000h\000r\000l\000i\000c\000h\000e\000\040\000B\000e\000s\000c\000h\000r\000e\000i\000b\000u\000n\000g}{section.3.9}% 67
\BOOKMARK [2][-]{subsection.3.9.2}{\376\377\000B\000e\000s\000c\000h\000r\000e\000i\000b\000u\000n\000g\000\040\000d\000e\000r\000\040\000K\000o\000n\000s\000t\000r\000u\000k\000t\000o\000r\000e\000n\000\040\000u\000n\000d\000\040\000D\000e\000s\000t\000r\000u\000k\000t\000o\000r\000e\000n}{section.3.9}% 68
\BOOKMARK [3][-]{subsubsection.3.9.2.1}{\376\377\000L\000o\000c\000a\000t\000i\000o\000n}{subsection.3.9.2}% 69
\BOOKMARK [2][-]{subsection.3.9.3}{\376\377\000D\000o\000k\000u\000m\000e\000n\000t\000a\000t\000i\000o\000n\000\040\000d\000e\000r\000\040\000E\000l\000e\000m\000e\000n\000t\000f\000u\000n\000k\000t\000i\000o\000n\000e\000n}{section.3.9}% 70
\BOOKMARK [3][-]{subsubsection.3.9.3.1}{\376\377\000g\000e\000t\000A\000d\000d\000r\000e\000s\000s}{subsection.3.9.3}% 71
\BOOKMARK [3][-]{subsubsection.3.9.3.2}{\376\377\000g\000e\000t\000P\000o\000r\000t}{subsection.3.9.3}% 72
\BOOKMARK [1][-]{section.3.10}{\376\377\000S\000o\000c\000k\000e\000t\000\040\000K\000l\000a\000s\000s\000e\000n\000r\000e\000f\000e\000r\000e\000n\000z}{chapter.3}% 73
\BOOKMARK [2][-]{subsection.3.10.1}{\376\377\000A\000u\000s\000f\000\374\000h\000r\000l\000i\000c\000h\000e\000\040\000B\000e\000s\000c\000h\000r\000e\000i\000b\000u\000n\000g}{section.3.10}% 74
\BOOKMARK [2][-]{subsection.3.10.2}{\376\377\000B\000e\000s\000c\000h\000r\000e\000i\000b\000u\000n\000g\000\040\000d\000e\000r\000\040\000K\000o\000n\000s\000t\000r\000u\000k\000t\000o\000r\000e\000n\000\040\000u\000n\000d\000\040\000D\000e\000s\000t\000r\000u\000k\000t\000o\000r\000e\000n}{section.3.10}% 75
\BOOKMARK [3][-]{subsubsection.3.10.2.1}{\376\377\000S\000o\000c\000k\000e\000t}{subsection.3.10.2}% 76
\BOOKMARK [2][-]{subsection.3.10.3}{\376\377\000D\000o\000k\000u\000m\000e\000n\000t\000a\000t\000i\000o\000n\000\040\000d\000e\000r\000\040\000E\000l\000e\000m\000e\000n\000t\000f\000u\000n\000k\000t\000i\000o\000n\000e\000n}{section.3.10}% 77
\BOOKMARK [3][-]{subsubsection.3.10.3.1}{\376\377\000g\000e\000t\000L\000o\000c\000a\000l\000A\000d\000d\000r\000e\000s\000s}{subsection.3.10.3}% 78
\BOOKMARK [3][-]{subsubsection.3.10.3.2}{\376\377\000g\000e\000t\000L\000o\000c\000a\000l\000P\000o\000r\000t}{subsection.3.10.3}% 79
\BOOKMARK [3][-]{subsubsection.3.10.3.3}{\376\377\000r\000e\000s\000o\000l\000v\000e\000S\000e\000r\000v\000i\000c\000e}{subsection.3.10.3}% 80
\BOOKMARK [3][-]{subsubsection.3.10.3.4}{\376\377\000s\000e\000t\000L\000o\000c\000a\000l\000A\000d\000d\000r\000e\000s\000s\000A\000n\000d\000P\000o\000r\000t}{subsection.3.10.3}% 81
\BOOKMARK [3][-]{subsubsection.3.10.3.5}{\376\377\000s\000e\000t\000L\000o\000c\000a\000l\000P\000o\000r\000t}{subsection.3.10.3}% 82
\BOOKMARK [1][-]{section.3.11}{\376\377\000S\000o\000c\000k\000e\000t\000E\000x\000c\000e\000p\000t\000i\000o\000n\000\040\000K\000l\000a\000s\000s\000e\000n\000r\000e\000f\000e\000r\000e\000n\000z}{chapter.3}% 83
\BOOKMARK [2][-]{subsection.3.11.1}{\376\377\000A\000u\000s\000f\000\374\000h\000r\000l\000i\000c\000h\000e\000\040\000B\000e\000s\000c\000h\000r\000e\000i\000b\000u\000n\000g}{section.3.11}% 84
\BOOKMARK [2][-]{subsection.3.11.2}{\376\377\000B\000e\000s\000c\000h\000r\000e\000i\000b\000u\000n\000g\000\040\000d\000e\000r\000\040\000K\000o\000n\000s\000t\000r\000u\000k\000t\000o\000r\000e\000n\000\040\000u\000n\000d\000\040\000D\000e\000s\000t\000r\000u\000k\000t\000o\000r\000e\000n}{section.3.11}% 85
\BOOKMARK [3][-]{subsubsection.3.11.2.1}{\376\377\000S\000o\000c\000k\000e\000t\000E\000x\000c\000e\000p\000t\000i\000o\000n}{subsection.3.11.2}% 86
\BOOKMARK [3][-]{subsubsection.3.11.2.2}{\376\377\000S\000o\000c\000k\000e\000t\000E\000x\000c\000e\000p\000t\000i\000o\000n}{subsection.3.11.2}% 87
\BOOKMARK [2][-]{subsection.3.11.3}{\376\377\000D\000o\000k\000u\000m\000e\000n\000t\000a\000t\000i\000o\000n\000\040\000d\000e\000r\000\040\000E\000l\000e\000m\000e\000n\000t\000f\000u\000n\000k\000t\000i\000o\000n\000e\000n}{section.3.11}% 88
\BOOKMARK [3][-]{subsubsection.3.11.3.1}{\376\377\000w\000h\000a\000t}{subsection.3.11.3}% 89
\BOOKMARK [1][-]{section.3.12}{\376\377\000T\000\137\000n\000u\000e\000x\000\040\000S\000t\000r\000u\000k\000t\000u\000r\000r\000e\000f\000e\000r\000e\000n\000z}{chapter.3}% 90
\BOOKMARK [1][-]{section.3.13}{\376\377\000T\000C\000P\000S\000e\000r\000v\000e\000r\000S\000o\000c\000k\000e\000t\000\040\000K\000l\000a\000s\000s\000e\000n\000r\000e\000f\000e\000r\000e\000n\000z}{chapter.3}% 91
\BOOKMARK [2][-]{subsection.3.13.1}{\376\377\000A\000u\000s\000f\000\374\000h\000r\000l\000i\000c\000h\000e\000\040\000B\000e\000s\000c\000h\000r\000e\000i\000b\000u\000n\000g}{section.3.13}% 92
\BOOKMARK [2][-]{subsection.3.13.2}{\376\377\000B\000e\000s\000c\000h\000r\000e\000i\000b\000u\000n\000g\000\040\000d\000e\000r\000\040\000K\000o\000n\000s\000t\000r\000u\000k\000t\000o\000r\000e\000n\000\040\000u\000n\000d\000\040\000D\000e\000s\000t\000r\000u\000k\000t\000o\000r\000e\000n}{section.3.13}% 93
\BOOKMARK [3][-]{subsubsection.3.13.2.1}{\376\377\000T\000C\000P\000S\000e\000r\000v\000e\000r\000S\000o\000c\000k\000e\000t}{subsection.3.13.2}% 94
\BOOKMARK [3][-]{subsubsection.3.13.2.2}{\376\377\000T\000C\000P\000S\000e\000r\000v\000e\000r\000S\000o\000c\000k\000e\000t}{subsection.3.13.2}% 95
\BOOKMARK [2][-]{subsection.3.13.3}{\376\377\000D\000o\000k\000u\000m\000e\000n\000t\000a\000t\000i\000o\000n\000\040\000d\000e\000r\000\040\000E\000l\000e\000m\000e\000n\000t\000f\000u\000n\000k\000t\000i\000o\000n\000e\000n}{section.3.13}% 96
\BOOKMARK [3][-]{subsubsection.3.13.3.1}{\376\377\000a\000c\000c\000e\000p\000t}{subsection.3.13.3}% 97
\BOOKMARK [1][-]{section.3.14}{\376\377\000T\000C\000P\000S\000o\000c\000k\000e\000t\000\040\000K\000l\000a\000s\000s\000e\000n\000r\000e\000f\000e\000r\000e\000n\000z}{chapter.3}% 98
\BOOKMARK [2][-]{subsection.3.14.1}{\376\377\000A\000u\000s\000f\000\374\000h\000r\000l\000i\000c\000h\000e\000\040\000B\000e\000s\000c\000h\000r\000e\000i\000b\000u\000n\000g}{section.3.14}% 99
\BOOKMARK [2][-]{subsection.3.14.2}{\376\377\000B\000e\000s\000c\000h\000r\000e\000i\000b\000u\000n\000g\000\040\000d\000e\000r\000\040\000K\000o\000n\000s\000t\000r\000u\000k\000t\000o\000r\000e\000n\000\040\000u\000n\000d\000\040\000D\000e\000s\000t\000r\000u\000k\000t\000o\000r\000e\000n}{section.3.14}% 100
\BOOKMARK [3][-]{subsubsection.3.14.2.1}{\376\377\000T\000C\000P\000S\000o\000c\000k\000e\000t}{subsection.3.14.2}% 101
\BOOKMARK [3][-]{subsubsection.3.14.2.2}{\376\377\000T\000C\000P\000S\000o\000c\000k\000e\000t}{subsection.3.14.2}% 102
\BOOKMARK [1][-]{section.3.15}{\376\377\000U\000D\000P\000S\000o\000c\000k\000e\000t\000\040\000K\000l\000a\000s\000s\000e\000n\000r\000e\000f\000e\000r\000e\000n\000z}{chapter.3}% 103
\BOOKMARK [2][-]{subsection.3.15.1}{\376\377\000A\000u\000s\000f\000\374\000h\000r\000l\000i\000c\000h\000e\000\040\000B\000e\000s\000c\000h\000r\000e\000i\000b\000u\000n\000g}{section.3.15}% 104
\BOOKMARK [2][-]{subsection.3.15.2}{\376\377\000B\000e\000s\000c\000h\000r\000e\000i\000b\000u\000n\000g\000\040\000d\000e\000r\000\040\000K\000o\000n\000s\000t\000r\000u\000k\000t\000o\000r\000e\000n\000\040\000u\000n\000d\000\040\000D\000e\000s\000t\000r\000u\000k\000t\000o\000r\000e\000n}{section.3.15}% 105
\BOOKMARK [3][-]{subsubsection.3.15.2.1}{\376\377\000U\000D\000P\000S\000o\000c\000k\000e\000t}{subsection.3.15.2}% 106
\BOOKMARK [3][-]{subsubsection.3.15.2.2}{\376\377\000U\000D\000P\000S\000o\000c\000k\000e\000t}{subsection.3.15.2}% 107
\BOOKMARK [3][-]{subsubsection.3.15.2.3}{\376\377\000U\000D\000P\000S\000o\000c\000k\000e\000t}{subsection.3.15.2}% 108
\BOOKMARK [2][-]{subsection.3.15.3}{\376\377\000D\000o\000k\000u\000m\000e\000n\000t\000a\000t\000i\000o\000n\000\040\000d\000e\000r\000\040\000E\000l\000e\000m\000e\000n\000t\000f\000u\000n\000k\000t\000i\000o\000n\000e\000n}{section.3.15}% 109
\BOOKMARK [3][-]{subsubsection.3.15.3.1}{\376\377\000d\000i\000s\000c\000o\000n\000n\000e\000c\000t}{subsection.3.15.3}% 110
\BOOKMARK [3][-]{subsubsection.3.15.3.2}{\376\377\000j\000o\000i\000n\000G\000r\000o\000u\000p}{subsection.3.15.3}% 111
\BOOKMARK [3][-]{subsubsection.3.15.3.3}{\376\377\000l\000e\000a\000v\000e\000G\000r\000o\000u\000p}{subsection.3.15.3}% 112
\BOOKMARK [3][-]{subsubsection.3.15.3.4}{\376\377\000r\000e\000c\000v\000F\000r\000o\000m}{subsection.3.15.3}% 113
\BOOKMARK [3][-]{subsubsection.3.15.3.5}{\376\377\000s\000e\000n\000d\000T\000o}{subsection.3.15.3}% 114
\BOOKMARK [3][-]{subsubsection.3.15.3.6}{\376\377\000s\000e\000t\000M\000u\000l\000t\000i\000c\000a\000s\000t\000T\000T\000L}{subsection.3.15.3}% 115
\BOOKMARK [-1][-]{section*.26}{\376\377\000I\000n\000d\000e\000x}{}% 116
